<?xml version="1.0" encoding="UTF-8"?>
<!-- Generated by org.testng.reporters.JUnitXMLReporter -->
<testsuite ignored="3" hostname="DESKTOP-OSG43F4" failures="0" tests="1" name="Default test" time="11.888" errors="0" timestamp="2022-06-06T13:30:49 SGT">
  <testcase classname="testcases.LoginTest" name="LoginFailureTest" time="8.045"/>
  <testcase classname="testcases.LoginTest" name="parameterizedTest" time="0.0">
    <ignored/>
  </testcase> <!-- parameterizedTest -->
  <testcase classname="testcases.LoginTest" name="LoginSucessTest" time="0.0">
    <ignored/>
  </testcase> <!-- LoginSucessTest -->
  <testcase classname="testcases.LoginTest" name="ExcelDataTest" time="0.0">
    <ignored/>
  </testcase> <!-- ExcelDataTest -->
</testsuite> <!-- Default test -->
