<?xml version="1.0" encoding="UTF-8"?>
<!-- Generated by org.testng.reporters.JUnitXMLReporter -->
<testsuite ignored="0" hostname="DESKTOP-OSG43F4" failures="0" tests="4" name="Test" time="43.457" errors="0" timestamp="2022-06-06T13:34:44 SGT">
  <testcase classname="testcases.LoginTest" name="ExcelDataTest" time="10.303"/>
  <testcase classname="testcases.LoginTest" name="LoginFailureTest" time="8.897"/>
  <testcase classname="testcases.LoginTest" name="LoginSucessTest" time="7.348"/>
  <testcase classname="testcases.LoginTest" name="parameterizedTest" time="5.737"/>
</testsuite> <!-- Test -->
