<?xml version="1.0" encoding="UTF-8"?>
<!-- Generated by org.testng.reporters.JUnitXMLReporter -->
<testsuite ignored="0" hostname="DESKTOP-OSG43F4" failures="0" tests="4" name="Test" time="41.222" errors="0" timestamp="2022-06-06T14:24:10 SGT">
  <testcase classname="testcases.LoginTest" name="ExcelDataTest" time="10.338"/>
  <testcase classname="testcases.LoginTest" name="LoginFailureTest" time="8.03"/>
  <testcase classname="testcases.LoginTest" name="LoginSucessTest" time="5.749"/>
  <testcase classname="testcases.LoginTest" name="parameterizedTest" time="5.852"/>
</testsuite> <!-- Test -->
