<?xml version="1.0" encoding="UTF-8"?>
<!-- Generated by org.testng.reporters.JUnitXMLReporter -->
<testsuite hostname="DESKTOP-OSG43F4" ignored="0" name="Test" tests="4" failures="0" timestamp="2022-06-06T15:12:45 SGT" time="46.51" errors="0">
  <testcase name="ExcelDataTest" time="8.233" classname="testcases.LoginTest"/>
  <testcase name="LoginFailureTest" time="8.254" classname="testcases.LoginTest"/>
  <testcase name="LoginSucessTest" time="5.953" classname="testcases.LoginTest"/>
  <testcase name="parameterizedTest" time="6.262" classname="testcases.LoginTest"/>
</testsuite> <!-- Test -->
