<?xml version="1.0" encoding="UTF-8"?>
<testng-results skipped="0" failed="0" ignored="0" total="4" passed="4">
  <reporter-output>
  </reporter-output>
  <suite name="Suite" duration-ms="46510" started-at="2022-06-06T15:11:58 SGT" finished-at="2022-06-06T15:12:45 SGT">
    <groups>
    </groups>
    <test name="Test" duration-ms="46510" started-at="2022-06-06T15:11:58 SGT" finished-at="2022-06-06T15:12:45 SGT">
      <class name="testcases.LoginTest">
        <test-method status="PASS" signature="DataSetUp()[pri:0, instance:testcases.LoginTest@6ee52dcd]" name="DataSetUp" is-config="true" duration-ms="781" started-at="2022-06-06T15:11:58 SGT" finished-at="2022-06-06T15:11:59 SGT">
          <reporter-output>
          </reporter-output>
        </test-method> <!-- DataSetUp -->
        <test-method status="PASS" signature="SetUp()[pri:0, instance:testcases.LoginTest@6ee52dcd]" name="SetUp" is-config="true" duration-ms="5917" started-at="2022-06-06T15:11:59 SGT" finished-at="2022-06-06T15:12:05 SGT">
          <reporter-output>
          </reporter-output>
        </test-method> <!-- SetUp -->
        <test-method status="PASS" signature="ExcelDataTest()[pri:0, instance:testcases.LoginTest@6ee52dcd]" name="ExcelDataTest" duration-ms="8233" started-at="2022-06-06T15:12:05 SGT" finished-at="2022-06-06T15:12:13 SGT">
          <reporter-output>
          </reporter-output>
        </test-method> <!-- ExcelDataTest -->
        <test-method status="PASS" signature="TearDown()[pri:0, instance:testcases.LoginTest@6ee52dcd]" name="TearDown" is-config="true" duration-ms="736" started-at="2022-06-06T15:12:13 SGT" finished-at="2022-06-06T15:12:14 SGT">
          <reporter-output>
          </reporter-output>
        </test-method> <!-- TearDown -->
        <test-method status="PASS" signature="SetUp()[pri:0, instance:testcases.LoginTest@6ee52dcd]" name="SetUp" is-config="true" duration-ms="2488" started-at="2022-06-06T15:12:14 SGT" finished-at="2022-06-06T15:12:16 SGT">
          <reporter-output>
          </reporter-output>
        </test-method> <!-- SetUp -->
        <test-method status="PASS" signature="LoginFailureTest()[pri:0, instance:testcases.LoginTest@6ee52dcd]" name="LoginFailureTest" duration-ms="8254" started-at="2022-06-06T15:12:16 SGT" finished-at="2022-06-06T15:12:25 SGT">
          <reporter-output>
          </reporter-output>
        </test-method> <!-- LoginFailureTest -->
        <test-method status="PASS" signature="TearDown()[pri:0, instance:testcases.LoginTest@6ee52dcd]" name="TearDown" is-config="true" duration-ms="712" started-at="2022-06-06T15:12:25 SGT" finished-at="2022-06-06T15:12:25 SGT">
          <reporter-output>
          </reporter-output>
        </test-method> <!-- TearDown -->
        <test-method status="PASS" signature="SetUp()[pri:0, instance:testcases.LoginTest@6ee52dcd]" name="SetUp" is-config="true" duration-ms="2487" started-at="2022-06-06T15:12:25 SGT" finished-at="2022-06-06T15:12:28 SGT">
          <reporter-output>
          </reporter-output>
        </test-method> <!-- SetUp -->
        <test-method status="PASS" signature="LoginSucessTest()[pri:0, instance:testcases.LoginTest@6ee52dcd]" name="LoginSucessTest" duration-ms="5953" started-at="2022-06-06T15:12:28 SGT" finished-at="2022-06-06T15:12:34 SGT">
          <reporter-output>
          </reporter-output>
        </test-method> <!-- LoginSucessTest -->
        <test-method status="PASS" signature="TearDown()[pri:0, instance:testcases.LoginTest@6ee52dcd]" name="TearDown" is-config="true" duration-ms="694" started-at="2022-06-06T15:12:34 SGT" finished-at="2022-06-06T15:12:34 SGT">
          <reporter-output>
          </reporter-output>
        </test-method> <!-- TearDown -->
        <test-method status="PASS" signature="SetUp()[pri:0, instance:testcases.LoginTest@6ee52dcd]" name="SetUp" is-config="true" duration-ms="2476" started-at="2022-06-06T15:12:34 SGT" finished-at="2022-06-06T15:12:37 SGT">
          <reporter-output>
          </reporter-output>
        </test-method> <!-- SetUp -->
        <test-method status="PASS" signature="parameterizedTest(java.lang.String,java.lang.String)[pri:0, instance:testcases.LoginTest@6ee52dcd]" name="parameterizedTest" duration-ms="6262" started-at="2022-06-06T15:12:37 SGT" finished-at="2022-06-06T15:12:43 SGT">
          <params>
            <param index="0">
              <value>
                <![CDATA[pqr@xyz.com]]>
              </value>
            </param>
            <param index="1">
              <value>
                <![CDATA[dfg@654]]>
              </value>
            </param>
          </params>
          <reporter-output>
          </reporter-output>
        </test-method> <!-- parameterizedTest -->
        <test-method status="PASS" signature="TearDown()[pri:0, instance:testcases.LoginTest@6ee52dcd]" name="TearDown" is-config="true" duration-ms="731" started-at="2022-06-06T15:12:43 SGT" finished-at="2022-06-06T15:12:44 SGT">
          <reporter-output>
          </reporter-output>
        </test-method> <!-- TearDown -->
        <test-method status="PASS" signature="DataTearDown()[pri:0, instance:testcases.LoginTest@6ee52dcd]" name="DataTearDown" is-config="true" duration-ms="710" started-at="2022-06-06T15:12:44 SGT" finished-at="2022-06-06T15:12:45 SGT">
          <reporter-output>
          </reporter-output>
        </test-method> <!-- DataTearDown -->
      </class> <!-- testcases.LoginTest -->
    </test> <!-- Test -->
  </suite> <!-- Suite -->
</testng-results>
