<?xml version="1.0" encoding="UTF-8"?>
<testng-results ignored="0" total="4" passed="4" failed="0" skipped="0">
  <reporter-output>
  </reporter-output>
  <suite started-at="2022-06-06T13:34:01 SGT" name="Suite" finished-at="2022-06-06T13:34:44 SGT" duration-ms="43457">
    <groups>
    </groups>
    <test started-at="2022-06-06T13:34:01 SGT" name="Test" finished-at="2022-06-06T13:34:44 SGT" duration-ms="43457">
      <class name="testcases.LoginTest">
        <test-method is-config="true" signature="DataSetUp()[pri:0, instance:testcases.LoginTest@618425b5]" started-at="2022-06-06T13:34:01 SGT" name="DataSetUp" finished-at="2022-06-06T13:34:02 SGT" duration-ms="631" status="PASS">
          <reporter-output>
          </reporter-output>
        </test-method> <!-- DataSetUp -->
        <test-method is-config="true" signature="SetUp()[pri:0, instance:testcases.LoginTest@618425b5]" started-at="2022-06-06T13:34:02 SGT" name="SetUp" finished-at="2022-06-06T13:34:04 SGT" duration-ms="2800" status="PASS">
          <reporter-output>
          </reporter-output>
        </test-method> <!-- SetUp -->
        <test-method signature="ExcelDataTest()[pri:0, instance:testcases.LoginTest@618425b5]" started-at="2022-06-06T13:34:04 SGT" name="ExcelDataTest" finished-at="2022-06-06T13:34:15 SGT" duration-ms="10303" status="PASS">
          <reporter-output>
          </reporter-output>
        </test-method> <!-- ExcelDataTest -->
        <test-method is-config="true" signature="TearDown()[pri:0, instance:testcases.LoginTest@618425b5]" started-at="2022-06-06T13:34:15 SGT" name="TearDown" finished-at="2022-06-06T13:34:15 SGT" duration-ms="278" status="PASS">
          <reporter-output>
          </reporter-output>
        </test-method> <!-- TearDown -->
        <test-method is-config="true" signature="SetUp()[pri:0, instance:testcases.LoginTest@618425b5]" started-at="2022-06-06T13:34:15 SGT" name="SetUp" finished-at="2022-06-06T13:34:17 SGT" duration-ms="2163" status="PASS">
          <reporter-output>
          </reporter-output>
        </test-method> <!-- SetUp -->
        <test-method signature="LoginFailureTest()[pri:0, instance:testcases.LoginTest@618425b5]" started-at="2022-06-06T13:34:17 SGT" name="LoginFailureTest" finished-at="2022-06-06T13:34:26 SGT" duration-ms="8897" status="PASS">
          <reporter-output>
          </reporter-output>
        </test-method> <!-- LoginFailureTest -->
        <test-method is-config="true" signature="TearDown()[pri:0, instance:testcases.LoginTest@618425b5]" started-at="2022-06-06T13:34:26 SGT" name="TearDown" finished-at="2022-06-06T13:34:26 SGT" duration-ms="388" status="PASS">
          <reporter-output>
          </reporter-output>
        </test-method> <!-- TearDown -->
        <test-method is-config="true" signature="SetUp()[pri:0, instance:testcases.LoginTest@618425b5]" started-at="2022-06-06T13:34:26 SGT" name="SetUp" finished-at="2022-06-06T13:34:28 SGT" duration-ms="2122" status="PASS">
          <reporter-output>
          </reporter-output>
        </test-method> <!-- SetUp -->
        <test-method signature="LoginSucessTest()[pri:0, instance:testcases.LoginTest@618425b5]" started-at="2022-06-06T13:34:28 SGT" name="LoginSucessTest" finished-at="2022-06-06T13:34:36 SGT" duration-ms="7348" status="PASS">
          <reporter-output>
          </reporter-output>
        </test-method> <!-- LoginSucessTest -->
        <test-method is-config="true" signature="TearDown()[pri:0, instance:testcases.LoginTest@618425b5]" started-at="2022-06-06T13:34:36 SGT" name="TearDown" finished-at="2022-06-06T13:34:36 SGT" duration-ms="286" status="PASS">
          <reporter-output>
          </reporter-output>
        </test-method> <!-- TearDown -->
        <test-method is-config="true" signature="SetUp()[pri:0, instance:testcases.LoginTest@618425b5]" started-at="2022-06-06T13:34:36 SGT" name="SetUp" finished-at="2022-06-06T13:34:38 SGT" duration-ms="1912" status="PASS">
          <reporter-output>
          </reporter-output>
        </test-method> <!-- SetUp -->
        <test-method signature="parameterizedTest(java.lang.String,java.lang.String)[pri:0, instance:testcases.LoginTest@618425b5]" started-at="2022-06-06T13:34:38 SGT" name="parameterizedTest" finished-at="2022-06-06T13:34:44 SGT" duration-ms="5737" status="PASS">
          <params>
            <param index="0">
              <value>
                <![CDATA[pqr@xyz.com]]>
              </value>
            </param>
            <param index="1">
              <value>
                <![CDATA[dfg@654]]>
              </value>
            </param>
          </params>
          <reporter-output>
          </reporter-output>
        </test-method> <!-- parameterizedTest -->
        <test-method is-config="true" signature="TearDown()[pri:0, instance:testcases.LoginTest@618425b5]" started-at="2022-06-06T13:34:44 SGT" name="TearDown" finished-at="2022-06-06T13:34:44 SGT" duration-ms="300" status="PASS">
          <reporter-output>
          </reporter-output>
        </test-method> <!-- TearDown -->
        <test-method is-config="true" signature="DataTearDown()[pri:0, instance:testcases.LoginTest@618425b5]" started-at="2022-06-06T13:34:44 SGT" name="DataTearDown" finished-at="2022-06-06T13:34:44 SGT" duration-ms="245" status="PASS">
          <reporter-output>
          </reporter-output>
        </test-method> <!-- DataTearDown -->
      </class> <!-- testcases.LoginTest -->
    </test> <!-- Test -->
  </suite> <!-- Suite -->
</testng-results>
