<?xml version="1.0" encoding="UTF-8"?>
<testng-results ignored="0" total="4" passed="4" failed="0" skipped="0">
  <reporter-output>
  </reporter-output>
  <suite started-at="2022-06-06T14:23:29 SGT" name="Suite" finished-at="2022-06-06T14:24:10 SGT" duration-ms="41222">
    <groups>
    </groups>
    <test started-at="2022-06-06T14:23:29 SGT" name="Test" finished-at="2022-06-06T14:24:10 SGT" duration-ms="41222">
      <class name="testcases.LoginTest">
        <test-method is-config="true" signature="DataSetUp()[pri:0, instance:testcases.LoginTest@618425b5]" started-at="2022-06-06T14:23:29 SGT" name="DataSetUp" finished-at="2022-06-06T14:23:30 SGT" duration-ms="643" status="PASS">
          <reporter-output>
          </reporter-output>
        </test-method> <!-- DataSetUp -->
        <test-method is-config="true" signature="SetUp()[pri:0, instance:testcases.LoginTest@618425b5]" started-at="2022-06-06T14:23:30 SGT" name="SetUp" finished-at="2022-06-06T14:23:33 SGT" duration-ms="2771" status="PASS">
          <reporter-output>
          </reporter-output>
        </test-method> <!-- SetUp -->
        <test-method signature="ExcelDataTest()[pri:0, instance:testcases.LoginTest@618425b5]" started-at="2022-06-06T14:23:33 SGT" name="ExcelDataTest" finished-at="2022-06-06T14:23:43 SGT" duration-ms="10338" status="PASS">
          <reporter-output>
          </reporter-output>
        </test-method> <!-- ExcelDataTest -->
        <test-method is-config="true" signature="TearDown()[pri:0, instance:testcases.LoginTest@618425b5]" started-at="2022-06-06T14:23:43 SGT" name="TearDown" finished-at="2022-06-06T14:23:43 SGT" duration-ms="283" status="PASS">
          <reporter-output>
          </reporter-output>
        </test-method> <!-- TearDown -->
        <test-method is-config="true" signature="SetUp()[pri:0, instance:testcases.LoginTest@618425b5]" started-at="2022-06-06T14:23:43 SGT" name="SetUp" finished-at="2022-06-06T14:23:45 SGT" duration-ms="2100" status="PASS">
          <reporter-output>
          </reporter-output>
        </test-method> <!-- SetUp -->
        <test-method signature="LoginFailureTest()[pri:0, instance:testcases.LoginTest@618425b5]" started-at="2022-06-06T14:23:45 SGT" name="LoginFailureTest" finished-at="2022-06-06T14:23:53 SGT" duration-ms="8030" status="PASS">
          <reporter-output>
          </reporter-output>
        </test-method> <!-- LoginFailureTest -->
        <test-method is-config="true" signature="TearDown()[pri:0, instance:testcases.LoginTest@618425b5]" started-at="2022-06-06T14:23:53 SGT" name="TearDown" finished-at="2022-06-06T14:23:54 SGT" duration-ms="302" status="PASS">
          <reporter-output>
          </reporter-output>
        </test-method> <!-- TearDown -->
        <test-method is-config="true" signature="SetUp()[pri:0, instance:testcases.LoginTest@618425b5]" started-at="2022-06-06T14:23:54 SGT" name="SetUp" finished-at="2022-06-06T14:23:56 SGT" duration-ms="2196" status="PASS">
          <reporter-output>
          </reporter-output>
        </test-method> <!-- SetUp -->
        <test-method signature="LoginSucessTest()[pri:0, instance:testcases.LoginTest@618425b5]" started-at="2022-06-06T14:23:56 SGT" name="LoginSucessTest" finished-at="2022-06-06T14:24:02 SGT" duration-ms="5749" status="PASS">
          <reporter-output>
          </reporter-output>
        </test-method> <!-- LoginSucessTest -->
        <test-method is-config="true" signature="TearDown()[pri:0, instance:testcases.LoginTest@618425b5]" started-at="2022-06-06T14:24:02 SGT" name="TearDown" finished-at="2022-06-06T14:24:02 SGT" duration-ms="212" status="PASS">
          <reporter-output>
          </reporter-output>
        </test-method> <!-- TearDown -->
        <test-method is-config="true" signature="SetUp()[pri:0, instance:testcases.LoginTest@618425b5]" started-at="2022-06-06T14:24:02 SGT" name="SetUp" finished-at="2022-06-06T14:24:04 SGT" duration-ms="2142" status="PASS">
          <reporter-output>
          </reporter-output>
        </test-method> <!-- SetUp -->
        <test-method signature="parameterizedTest(java.lang.String,java.lang.String)[pri:0, instance:testcases.LoginTest@618425b5]" started-at="2022-06-06T14:24:04 SGT" name="parameterizedTest" finished-at="2022-06-06T14:24:10 SGT" duration-ms="5852" status="PASS">
          <params>
            <param index="0">
              <value>
                <![CDATA[pqr@xyz.com]]>
              </value>
            </param>
            <param index="1">
              <value>
                <![CDATA[dfg@654]]>
              </value>
            </param>
          </params>
          <reporter-output>
          </reporter-output>
        </test-method> <!-- parameterizedTest -->
        <test-method is-config="true" signature="TearDown()[pri:0, instance:testcases.LoginTest@618425b5]" started-at="2022-06-06T14:24:10 SGT" name="TearDown" finished-at="2022-06-06T14:24:10 SGT" duration-ms="281" status="PASS">
          <reporter-output>
          </reporter-output>
        </test-method> <!-- TearDown -->
        <test-method is-config="true" signature="DataTearDown()[pri:0, instance:testcases.LoginTest@618425b5]" started-at="2022-06-06T14:24:10 SGT" name="DataTearDown" finished-at="2022-06-06T14:24:10 SGT" duration-ms="277" status="PASS">
          <reporter-output>
          </reporter-output>
        </test-method> <!-- DataTearDown -->
      </class> <!-- testcases.LoginTest -->
    </test> <!-- Test -->
  </suite> <!-- Suite -->
</testng-results>
